# JRE version: Java(TM) SE Runtime Environment (8.0_211-b12) (build 1.8.0_211-b12)
# Java VM: Java HotSpot(TM) 64-Bit Server VM (25.211-b12 mixed mode windows-amd64 compressed oops)
Heap:
 PSYoungGen      total 120320K, used 24440K [0x00000000f5580000, 0x0000000100000000, 0x0000000100000000)
  eden space 118272K, 19% used [0x00000000f5580000,0x00000000f6b8e2c0,0x00000000fc900000)
  from space 2048K, 90% used [0x00000000fc900000,0x00000000fcad0000,0x00000000fcb00000)
  to   space 28672K, 0% used [0x00000000fe400000,0x00000000fe400000,0x0000000100000000)
 ParOldGen       total 221184K, used 46748K [0x00000000e0000000, 0x00000000ed800000, 0x00000000f5580000)
  object space 221184K, 21% used [0x00000000e0000000,0x00000000e2da72b8,0x00000000ed800000)
 Metaspace       used 60923K, capacity 65250K, committed 65496K, reserved 1105920K
  class space    used 8343K, capacity 9078K, committed 9176K, reserved 1048576K
GC Heap History (10 events):
Event: 14.509 GC heap before
{Heap before GC invocations=12 (full 2):
 PSYoungGen      total 160256K, used 160227K [0x00000000f5580000, 0x0000000100000000, 0x0000000100000000)
  eden space 145920K, 100% used [0x00000000f5580000,0x00000000fe400000,0x00000000fe400000)
  from space 14336K, 99% used [0x00000000fe400000,0x00000000ff1f8c00,0x00000000ff200000)
  to   space 14336K, 0% used [0x00000000ff200000,0x00000000ff200000,0x0000000100000000)
 ParOldGen       total 140288K, used 18889K [0x00000000e0000000, 0x00000000e8900000, 0x00000000f5580000)
  object space 140288K, 13% used [0x00000000e0000000,0x00000000e1272608,0x00000000e8900000)
 Metaspace       used 51697K, capacity 55274K, committed 55424K, reserved 1097728K
  class space    used 6905K, capacity 7540K, committed 7552K, reserved 1048576K
Event: 14.520 GC heap after
Heap after GC invocations=12 (full 2):
 PSYoungGen      total 148992K, used 14328K [0x00000000f5580000, 0x0000000100000000, 0x0000000100000000)
  eden space 134656K, 0% used [0x00000000f5580000,0x00000000f5580000,0x00000000fd900000)
  from space 14336K, 99% used [0x00000000ff200000,0x00000000ffffe2a0,0x0000000100000000)
  to   space 19968K, 0% used [0x00000000fd900000,0x00000000fd900000,0x00000000fec80000)
 ParOldGen       total 140288K, used 24136K [0x00000000e0000000, 0x00000000e8900000, 0x00000000f5580000)
  object space 140288K, 17% used [0x00000000e0000000,0x00000000e1792248,0x00000000e8900000)
 Metaspace       used 51697K, capacity 55274K, committed 55424K, reserved 1097728K
  class space    used 6905K, capacity 7540K, committed 7552K, reserved 1048576K
}
Event: 16.525 GC heap before
{Heap before GC invocations=13 (full 2):
 PSYoungGen      total 148992K, used 79630K [0x00000000f5580000, 0x0000000100000000, 0x0000000100000000)
  eden space 134656K, 48% used [0x00000000f5580000,0x00000000f9545700,0x00000000fd900000)
  from space 14336K, 99% used [0x00000000ff200000,0x00000000ffffe2a0,0x0000000100000000)
  to   space 19968K, 0% used [0x00000000fd900000,0x00000000fd900000,0x00000000fec80000)
 ParOldGen       total 140288K, used 24136K [0x00000000e0000000, 0x00000000e8900000, 0x00000000f5580000)
  object space 140288K, 17% used [0x00000000e0000000,0x00000000e1792248,0x00000000e8900000)
 Metaspace       used 55121K, capacity 58962K, committed 59096K, reserved 1099776K
  class space    used 7422K, capacity 8070K, committed 8152K, reserved 1048576K
Event: 16.536 GC heap after
Heap after GC invocations=13 (full 2):
 PSYoungGen      total 154624K, used 19938K [0x00000000f5580000, 0x0000000100000000, 0x0000000100000000)
  eden space 134656K, 0% used [0x00000000f5580000,0x00000000f5580000,0x00000000fd900000)
  from space 19968K, 99% used [0x00000000fd900000,0x00000000fec788e0,0x00000000fec80000)
  to   space 19968K, 0% used [0x00000000fec80000,0x00000000fec80000,0x0000000100000000)
 ParOldGen       total 140288K, used 39764K [0x00000000e0000000, 0x00000000e8900000, 0x00000000f5580000)
  object space 140288K, 28% used [0x00000000e0000000,0x00000000e26d5320,0x00000000e8900000)
 Metaspace       used 55121K, capacity 58962K, committed 59096K, reserved 1099776K
  class space    used 7422K, capacity 8070K, committed 8152K, reserved 1048576K
}
Event: 16.536 GC heap before
{Heap before GC invocations=14 (full 3):
 PSYoungGen      total 154624K, used 19938K [0x00000000f5580000, 0x0000000100000000, 0x0000000100000000)
  eden space 134656K, 0% used [0x00000000f5580000,0x00000000f5580000,0x00000000fd900000)
  from space 19968K, 99% used [0x00000000fd900000,0x00000000fec788e0,0x00000000fec80000)
  to   space 19968K, 0% used [0x00000000fec80000,0x00000000fec80000,0x0000000100000000)
 ParOldGen       total 140288K, used 39764K [0x00000000e0000000, 0x00000000e8900000, 0x00000000f5580000)
  object space 140288K, 28% used [0x00000000e0000000,0x00000000e26d5320,0x00000000e8900000)
 Metaspace       used 55121K, capacity 58962K, committed 59096K, reserved 1099776K
  class space    used 7422K, capacity 8070K, committed 8152K, reserved 1048576K
Event: 16.686 GC heap after
Heap after GC invocations=14 (full 3):
 PSYoungGen      total 154624K, used 0K [0x00000000f5580000, 0x0000000100000000, 0x0000000100000000)
  eden space 134656K, 0% used [0x00000000f5580000,0x00000000f5580000,0x00000000fd900000)
  from space 19968K, 0% used [0x00000000fd900000,0x00000000fd900000,0x00000000fec80000)
  to   space 19968K, 0% used [0x00000000fec80000,0x00000000fec80000,0x0000000100000000)
 ParOldGen       total 221184K, used 46732K [0x00000000e0000000, 0x00000000ed800000, 0x00000000f5580000)
  object space 221184K, 21% used [0x00000000e0000000,0x00000000e2da32b8,0x00000000ed800000)
 Metaspace       used 55121K, capacity 58962K, committed 59096K, reserved 1099776K
  class space    used 7422K, capacity 8070K, committed 8152K, reserved 1048576K
}
Event: 27.033 GC heap before
{Heap before GC invocations=15 (full 3):
 PSYoungGen      total 154624K, used 134656K [0x00000000f5580000, 0x0000000100000000, 0x0000000100000000)
  eden space 134656K, 100% used [0x00000000f5580000,0x00000000fd900000,0x00000000fd900000)
  from space 19968K, 0% used [0x00000000fd900000,0x00000000fd900000,0x00000000fec80000)
  to   space 19968K, 0% used [0x00000000fec80000,0x00000000fec80000,0x0000000100000000)
 ParOldGen       total 221184K, used 46732K [0x00000000e0000000, 0x00000000ed800000, 0x00000000f5580000)
  object space 221184K, 21% used [0x00000000e0000000,0x00000000e2da32b8,0x00000000ed800000)
 Metaspace       used 60455K, capacity 64730K, committed 64984K, reserved 1105920K
  class space    used 8315K, capacity 9060K, committed 9176K, reserved 1048576K
Event: 27.037 GC heap after
Heap after GC invocations=15 (full 3):
 PSYoungGen      total 138240K, used 6067K [0x00000000f5580000, 0x0000000100000000, 0x0000000100000000)
  eden space 118272K, 0% used [0x00000000f5580000,0x00000000f5580000,0x00000000fc900000)
  from space 19968K, 30% used [0x00000000fec80000,0x00000000ff26cf90,0x0000000100000000)
  to   space 28160K, 0% used [0x00000000fc900000,0x00000000fc900000,0x00000000fe480000)
 ParOldGen       total 221184K, used 46740K [0x00000000e0000000, 0x00000000ed800000, 0x00000000f5580000)
  object space 221184K, 21% used [0x00000000e0000000,0x00000000e2da52b8,0x00000000ed800000)
 Metaspace       used 60455K, capacity 64730K, committed 64984K, reserved 1105920K
  class space    used 8315K, capacity 9060K, committed 9176K, reserved 1048576K
}
Event: 28.311 GC heap before
{Heap before GC invocations=16 (full 3):
 PSYoungGen      total 138240K, used 124339K [0x00000000f5580000, 0x0000000100000000, 0x0000000100000000)
  eden space 118272K, 100% used [0x00000000f5580000,0x00000000fc900000,0x00000000fc900000)
  from space 19968K, 30% used [0x00000000fec80000,0x00000000ff26cf90,0x0000000100000000)
  to   space 28160K, 0% used [0x00000000fc900000,0x00000000fc900000,0x00000000fe480000)
 ParOldGen       total 221184K, used 46740K [0x00000000e0000000, 0x00000000ed800000, 0x00000000f5580000)
  object space 221184K, 21% used [0x00000000e0000000,0x00000000e2da52b8,0x00000000ed800000)
 Metaspace       used 60589K, capacity 64828K, committed 64984K, reserved 1105920K
  class space    used 8327K, capacity 9071K, committed 9176K, reserved 1048576K
Event: 28.314 GC heap after
Heap after GC invocations=16 (full 3):
 PSYoungGen      total 120320K, used 1856K [0x00000000f5580000, 0x0000000100000000, 0x0000000100000000)
  eden space 118272K, 0% used [0x00000000f5580000,0x00000000f5580000,0x00000000fc900000)
  from space 2048K, 90% used [0x00000000fc900000,0x00000000fcad0000,0x00000000fcb00000)
  to   space 28672K, 0% used [0x00000000fe400000,0x00000000fe400000,0x0000000100000000)
 ParOldGen       total 221184K, used 46748K [0x00000000e0000000, 0x00000000ed800000, 0x00000000f5580000)
  object space 221184K, 21% used [0x00000000e0000000,0x00000000e2da72b8,0x00000000ed800000)
 Metaspace       used 60589K, capacity 64828K, committed 64984K, reserved 1105920K
  class space    used 8327K, capacity 9071K, committed 9176K, reserved 1048576K
}

